
=== Dry run: listing jobs ===
+ uv run python scripts/run_mi_baselines.py --datasets mnist_full_lenet --list
discovered 60 jobs across ['mnist_full_lenet']
  mnist_full_lenet/n0.0/LeNet-L/seed_101
  mnist_full_lenet/n0.0/LeNet-L/seed_102
  mnist_full_lenet/n0.0/LeNet-L/seed_103
  mnist_full_lenet/n0.0/LeNet-L/seed_104
  mnist_full_lenet/n0.0/LeNet-L/seed_105
  mnist_full_lenet/n0.0/LeNet-M/seed_101
  mnist_full_lenet/n0.0/LeNet-M/seed_102
  mnist_full_lenet/n0.0/LeNet-M/seed_103
  mnist_full_lenet/n0.0/LeNet-M/seed_104
  mnist_full_lenet/n0.0/LeNet-M/seed_105
  mnist_full_lenet/n0.0/LeNet-S/seed_101
  mnist_full_lenet/n0.0/LeNet-S/seed_102
  mnist_full_lenet/n0.0/LeNet-S/seed_103
  mnist_full_lenet/n0.0/LeNet-S/seed_104
  mnist_full_lenet/n0.0/LeNet-S/seed_105
  mnist_full_lenet/n0.0/LeNet-XS/seed_101
  mnist_full_lenet/n0.0/LeNet-XS/seed_102
  mnist_full_lenet/n0.0/LeNet-XS/seed_103
  mnist_full_lenet/n0.0/LeNet-XS/seed_104
  mnist_full_lenet/n0.0/LeNet-XS/seed_105
  mnist_full_lenet/n0.2/LeNet-L/seed_101
  mnist_full_lenet/n0.2/LeNet-L/seed_102
  mnist_full_lenet/n0.2/LeNet-L/seed_103
  mnist_full_lenet/n0.2/LeNet-L/seed_104
  mnist_full_lenet/n0.2/LeNet-L/seed_105
  mnist_full_lenet/n0.2/LeNet-M/seed_101
  mnist_full_lenet/n0.2/LeNet-M/seed_102
  mnist_full_lenet/n0.2/LeNet-M/seed_103
  mnist_full_lenet/n0.2/LeNet-M/seed_104
  mnist_full_lenet/n0.2/LeNet-M/seed_105
  mnist_full_lenet/n0.2/LeNet-S/seed_101
  mnist_full_lenet/n0.2/LeNet-S/seed_102
  mnist_full_lenet/n0.2/LeNet-S/seed_103
  mnist_full_lenet/n0.2/LeNet-S/seed_104
  mnist_full_lenet/n0.2/LeNet-S/seed_105
  mnist_full_lenet/n0.2/LeNet-XS/seed_101
  mnist_full_lenet/n0.2/LeNet-XS/seed_102
  mnist_full_lenet/n0.2/LeNet-XS/seed_103
  mnist_full_lenet/n0.2/LeNet-XS/seed_104
  mnist_full_lenet/n0.2/LeNet-XS/seed_105
  mnist_full_lenet/n0.4/LeNet-L/seed_101
  mnist_full_lenet/n0.4/LeNet-L/seed_102
  mnist_full_lenet/n0.4/LeNet-L/seed_103
  mnist_full_lenet/n0.4/LeNet-L/seed_104
  mnist_full_lenet/n0.4/LeNet-L/seed_105
  mnist_full_lenet/n0.4/LeNet-M/seed_101
  mnist_full_lenet/n0.4/LeNet-M/seed_102
  mnist_full_lenet/n0.4/LeNet-M/seed_103
  mnist_full_lenet/n0.4/LeNet-M/seed_104
  mnist_full_lenet/n0.4/LeNet-M/seed_105
  mnist_full_lenet/n0.4/LeNet-S/seed_101
  mnist_full_lenet/n0.4/LeNet-S/seed_102
  mnist_full_lenet/n0.4/LeNet-S/seed_103
  mnist_full_lenet/n0.4/LeNet-S/seed_104
  mnist_full_lenet/n0.4/LeNet-S/seed_105
  mnist_full_lenet/n0.4/LeNet-XS/seed_101
  mnist_full_lenet/n0.4/LeNet-XS/seed_102
  mnist_full_lenet/n0.4/LeNet-XS/seed_103
  mnist_full_lenet/n0.4/LeNet-XS/seed_104
  mnist_full_lenet/n0.4/LeNet-XS/seed_105
