[mnist_full_lenet sweep] total=60 resume=0
[1/60] /home/johan/Documents/phd/WP1/geometric_binning_estimator/configs/mnist_full_lenet/n0.0_LeNet-XS/seed_101.yaml -> outputs/mnist_full_lenet/n0.0_LeNet-XS/seed_101.h5
✅ Global seed set to: 42
Loading mnist_full...
Fetching mnist_full (torchvision)...
Initializing HDF5 file at outputs/mnist_full_lenet/n0.0_LeNet-XS/seed_101.h5...
Starting training on mnist_full (Input: 784, Classes: 10)...
Starting training on mnist_full...
Saving epoch 0 to HDF5...
Saving epoch 1 to HDF5...
Saving epoch 2 to HDF5...
Saving epoch 3 to HDF5...
Saving epoch 4 to HDF5...
Saving epoch 6 to HDF5...
Saving epoch 8 to HDF5...
Saving epoch 10 to HDF5...
Saving epoch 20 to HDF5...
Saving epoch 30 to HDF5...
Saving epoch 40 to HDF5...
Saving epoch 50 to HDF5...
Saving epoch 60 to HDF5...
Saving epoch 70 to HDF5...
Saving epoch 80 to HDF5...
Saving epoch 90 to HDF5...
Saving epoch 100 to HDF5...
Experiment complete.
  ok
[2/60] /home/johan/Documents/phd/WP1/geometric_binning_estimator/configs/mnist_full_lenet/n0.0_LeNet-XS/seed_102.yaml -> outputs/mnist_full_lenet/n0.0_LeNet-XS/seed_102.h5
✅ Global seed set to: 42
Loading mnist_full...
Fetching mnist_full (torchvision)...
Initializing HDF5 file at outputs/mnist_full_lenet/n0.0_LeNet-XS/seed_102.h5...
Starting training on mnist_full (Input: 784, Classes: 10)...
Starting training on mnist_full...
Saving epoch 0 to HDF5...
Saving epoch 1 to HDF5...
Saving epoch 2 to HDF5...
Saving epoch 3 to HDF5...
Saving epoch 4 to HDF5...
Saving epoch 6 to HDF5...
Saving epoch 8 to HDF5...
Saving epoch 10 to HDF5...
Saving epoch 20 to HDF5...
Saving epoch 30 to HDF5...
Saving epoch 40 to HDF5...
Saving epoch 50 to HDF5...
Saving epoch 60 to HDF5...
Saving epoch 70 to HDF5...
Saving epoch 80 to HDF5...
Saving epoch 90 to HDF5...
Saving epoch 100 to HDF5...
Experiment complete.
  ok
[3/60] /home/johan/Documents/phd/WP1/geometric_binning_estimator/configs/mnist_full_lenet/n0.0_LeNet-XS/seed_103.yaml -> outputs/mnist_full_lenet/n0.0_LeNet-XS/seed_103.h5
✅ Global seed set to: 42
Loading mnist_full...
Fetching mnist_full (torchvision)...
Initializing HDF5 file at outputs/mnist_full_lenet/n0.0_LeNet-XS/seed_103.h5...
Starting training on mnist_full (Input: 784, Classes: 10)...
Starting training on mnist_full...
Saving epoch 0 to HDF5...
Saving epoch 1 to HDF5...
Saving epoch 2 to HDF5...
Saving epoch 3 to HDF5...
Saving epoch 4 to HDF5...
Saving epoch 6 to HDF5...
Saving epoch 8 to HDF5...
Saving epoch 10 to HDF5...
Saving epoch 20 to HDF5...
Saving epoch 30 to HDF5...
Saving epoch 40 to HDF5...
Saving epoch 50 to HDF5...
Saving epoch 60 to HDF5...
Saving epoch 70 to HDF5...
Saving epoch 80 to HDF5...
Saving epoch 90 to HDF5...
Saving epoch 100 to HDF5...
Experiment complete.
  ok
[4/60] /home/johan/Documents/phd/WP1/geometric_binning_estimator/configs/mnist_full_lenet/n0.0_LeNet-XS/seed_104.yaml -> outputs/mnist_full_lenet/n0.0_LeNet-XS/seed_104.h5
✅ Global seed set to: 42
Loading mnist_full...
Fetching mnist_full (torchvision)...
Initializing HDF5 file at outputs/mnist_full_lenet/n0.0_LeNet-XS/seed_104.h5...
Starting training on mnist_full (Input: 784, Classes: 10)...
Starting training on mnist_full...
Saving epoch 0 to HDF5...
Saving epoch 1 to HDF5...
Saving epoch 2 to HDF5...
Saving epoch 3 to HDF5...
Saving epoch 4 to HDF5...
Saving epoch 6 to HDF5...
Saving epoch 8 to HDF5...
Saving epoch 10 to HDF5...
Saving epoch 20 to HDF5...
Saving epoch 30 to HDF5...
Saving epoch 40 to HDF5...
Saving epoch 50 to HDF5...
Saving epoch 60 to HDF5...
Saving epoch 70 to HDF5...
Saving epoch 80 to HDF5...
Saving epoch 90 to HDF5...
Saving epoch 100 to HDF5...
Experiment complete.
  ok
[5/60] /home/johan/Documents/phd/WP1/geometric_binning_estimator/configs/mnist_full_lenet/n0.0_LeNet-XS/seed_105.yaml -> outputs/mnist_full_lenet/n0.0_LeNet-XS/seed_105.h5
✅ Global seed set to: 42
Loading mnist_full...
Fetching mnist_full (torchvision)...
Initializing HDF5 file at outputs/mnist_full_lenet/n0.0_LeNet-XS/seed_105.h5...
Starting training on mnist_full (Input: 784, Classes: 10)...
Starting training on mnist_full...
Saving epoch 0 to HDF5...
Saving epoch 1 to HDF5...
Saving epoch 2 to HDF5...
Saving epoch 3 to HDF5...
Saving epoch 4 to HDF5...
Saving epoch 6 to HDF5...
Saving epoch 8 to HDF5...
Saving epoch 10 to HDF5...
Saving epoch 20 to HDF5...
Saving epoch 30 to HDF5...
Saving epoch 40 to HDF5...
Saving epoch 50 to HDF5...
Saving epoch 60 to HDF5...
Saving epoch 70 to HDF5...
Saving epoch 80 to HDF5...
Saving epoch 90 to HDF5...
Saving epoch 100 to HDF5...
Experiment complete.
  ok
[6/60] /home/johan/Documents/phd/WP1/geometric_binning_estimator/configs/mnist_full_lenet/n0.2_LeNet-XS/seed_101.yaml -> outputs/mnist_full_lenet/n0.2_LeNet-XS/seed_101.h5
✅ Global seed set to: 42
Loading mnist_full...
Fetching mnist_full (torchvision)...
Initializing HDF5 file at outputs/mnist_full_lenet/n0.2_LeNet-XS/seed_101.h5...
Starting training on mnist_full (Input: 784, Classes: 10)...
Starting training on mnist_full...
Saving epoch 0 to HDF5...
Saving epoch 1 to HDF5...
Saving epoch 2 to HDF5...
Saving epoch 3 to HDF5...
Saving epoch 4 to HDF5...
Saving epoch 6 to HDF5...
Saving epoch 8 to HDF5...
Saving epoch 10 to HDF5...
Saving epoch 20 to HDF5...
Saving epoch 30 to HDF5...
Saving epoch 40 to HDF5...
Saving epoch 50 to HDF5...
Saving epoch 60 to HDF5...
Saving epoch 70 to HDF5...
Saving epoch 80 to HDF5...
Saving epoch 90 to HDF5...
Saving epoch 100 to HDF5...
Experiment complete.
  ok
[7/60] /home/johan/Documents/phd/WP1/geometric_binning_estimator/configs/mnist_full_lenet/n0.2_LeNet-XS/seed_102.yaml -> outputs/mnist_full_lenet/n0.2_LeNet-XS/seed_102.h5
✅ Global seed set to: 42
Loading mnist_full...
Fetching mnist_full (torchvision)...
Initializing HDF5 file at outputs/mnist_full_lenet/n0.2_LeNet-XS/seed_102.h5...
Starting training on mnist_full (Input: 784, Classes: 10)...
Starting training on mnist_full...
Saving epoch 0 to HDF5...
Saving epoch 1 to HDF5...
Saving epoch 2 to HDF5...
Saving epoch 3 to HDF5...
Saving epoch 4 to HDF5...
Saving epoch 6 to HDF5...
Saving epoch 8 to HDF5...
Saving epoch 10 to HDF5...
Saving epoch 20 to HDF5...
Saving epoch 30 to HDF5...
Saving epoch 40 to HDF5...
Saving epoch 50 to HDF5...
Saving epoch 60 to HDF5...
Saving epoch 70 to HDF5...
Saving epoch 80 to HDF5...
Saving epoch 90 to HDF5...
Saving epoch 100 to HDF5...
Experiment complete.
  ok
[8/60] /home/johan/Documents/phd/WP1/geometric_binning_estimator/configs/mnist_full_lenet/n0.2_LeNet-XS/seed_103.yaml -> outputs/mnist_full_lenet/n0.2_LeNet-XS/seed_103.h5
✅ Global seed set to: 42
Loading mnist_full...
Fetching mnist_full (torchvision)...
Initializing HDF5 file at outputs/mnist_full_lenet/n0.2_LeNet-XS/seed_103.h5...
Starting training on mnist_full (Input: 784, Classes: 10)...
Starting training on mnist_full...
Saving epoch 0 to HDF5...
Saving epoch 1 to HDF5...
Saving epoch 2 to HDF5...
Saving epoch 3 to HDF5...
Saving epoch 4 to HDF5...
Saving epoch 6 to HDF5...
Saving epoch 8 to HDF5...
Saving epoch 10 to HDF5...
Saving epoch 20 to HDF5...
Saving epoch 30 to HDF5...
Saving epoch 40 to HDF5...
Saving epoch 50 to HDF5...
Saving epoch 60 to HDF5...
Saving epoch 70 to HDF5...
Saving epoch 80 to HDF5...
Saving epoch 90 to HDF5...
Saving epoch 100 to HDF5...
Experiment complete.
  ok
[9/60] /home/johan/Documents/phd/WP1/geometric_binning_estimator/configs/mnist_full_lenet/n0.2_LeNet-XS/seed_104.yaml -> outputs/mnist_full_lenet/n0.2_LeNet-XS/seed_104.h5
✅ Global seed set to: 42
Loading mnist_full...
Fetching mnist_full (torchvision)...
Initializing HDF5 file at outputs/mnist_full_lenet/n0.2_LeNet-XS/seed_104.h5...
Starting training on mnist_full (Input: 784, Classes: 10)...
Starting training on mnist_full...
Saving epoch 0 to HDF5...
Saving epoch 1 to HDF5...
Saving epoch 2 to HDF5...
Saving epoch 3 to HDF5...
Saving epoch 4 to HDF5...
Saving epoch 6 to HDF5...
Saving epoch 8 to HDF5...
Saving epoch 10 to HDF5...
Saving epoch 20 to HDF5...
Saving epoch 30 to HDF5...
Saving epoch 40 to HDF5...
Saving epoch 50 to HDF5...
Saving epoch 60 to HDF5...
Saving epoch 70 to HDF5...
Saving epoch 80 to HDF5...
Saving epoch 90 to HDF5...
Saving epoch 100 to HDF5...
Experiment complete.
  ok
[10/60] /home/johan/Documents/phd/WP1/geometric_binning_estimator/configs/mnist_full_lenet/n0.2_LeNet-XS/seed_105.yaml -> outputs/mnist_full_lenet/n0.2_LeNet-XS/seed_105.h5
✅ Global seed set to: 42
Loading mnist_full...
Fetching mnist_full (torchvision)...
Initializing HDF5 file at outputs/mnist_full_lenet/n0.2_LeNet-XS/seed_105.h5...
Starting training on mnist_full (Input: 784, Classes: 10)...
Starting training on mnist_full...
Saving epoch 0 to HDF5...
Saving epoch 1 to HDF5...
Saving epoch 2 to HDF5...
Saving epoch 3 to HDF5...
Saving epoch 4 to HDF5...
Saving epoch 6 to HDF5...
Saving epoch 8 to HDF5...
Saving epoch 10 to HDF5...
Saving epoch 20 to HDF5...
Saving epoch 30 to HDF5...
Saving epoch 40 to HDF5...
Saving epoch 50 to HDF5...
Saving epoch 60 to HDF5...
Saving epoch 70 to HDF5...
Saving epoch 80 to HDF5...
Saving epoch 90 to HDF5...
Saving epoch 100 to HDF5...
Experiment complete.
  ok
[11/60] /home/johan/Documents/phd/WP1/geometric_binning_estimator/configs/mnist_full_lenet/n0.4_LeNet-XS/seed_101.yaml -> outputs/mnist_full_lenet/n0.4_LeNet-XS/seed_101.h5
✅ Global seed set to: 42
Loading mnist_full...
Fetching mnist_full (torchvision)...
Initializing HDF5 file at outputs/mnist_full_lenet/n0.4_LeNet-XS/seed_101.h5...
Starting training on mnist_full (Input: 784, Classes: 10)...
Starting training on mnist_full...
Saving epoch 0 to HDF5...
Saving epoch 1 to HDF5...
Saving epoch 2 to HDF5...
Saving epoch 3 to HDF5...
Saving epoch 4 to HDF5...
Saving epoch 6 to HDF5...
Saving epoch 8 to HDF5...
Saving epoch 10 to HDF5...
Saving epoch 20 to HDF5...
Saving epoch 30 to HDF5...
Saving epoch 40 to HDF5...
Saving epoch 50 to HDF5...
Saving epoch 60 to HDF5...
Saving epoch 70 to HDF5...
Saving epoch 80 to HDF5...
Saving epoch 90 to HDF5...
Saving epoch 100 to HDF5...
Experiment complete.
  ok
[12/60] /home/johan/Documents/phd/WP1/geometric_binning_estimator/configs/mnist_full_lenet/n0.4_LeNet-XS/seed_102.yaml -> outputs/mnist_full_lenet/n0.4_LeNet-XS/seed_102.h5
✅ Global seed set to: 42
Loading mnist_full...
Fetching mnist_full (torchvision)...
Initializing HDF5 file at outputs/mnist_full_lenet/n0.4_LeNet-XS/seed_102.h5...
Starting training on mnist_full (Input: 784, Classes: 10)...
Starting training on mnist_full...
Saving epoch 0 to HDF5...
Saving epoch 1 to HDF5...
Saving epoch 2 to HDF5...
Saving epoch 3 to HDF5...
Saving epoch 4 to HDF5...
Saving epoch 6 to HDF5...
Saving epoch 8 to HDF5...
Saving epoch 10 to HDF5...
Saving epoch 20 to HDF5...
Saving epoch 30 to HDF5...
Saving epoch 40 to HDF5...
Saving epoch 50 to HDF5...
Saving epoch 60 to HDF5...
Saving epoch 70 to HDF5...
Saving epoch 80 to HDF5...
Saving epoch 90 to HDF5...
Saving epoch 100 to HDF5...
Experiment complete.
  ok
[13/60] /home/johan/Documents/phd/WP1/geometric_binning_estimator/configs/mnist_full_lenet/n0.4_LeNet-XS/seed_103.yaml -> outputs/mnist_full_lenet/n0.4_LeNet-XS/seed_103.h5
✅ Global seed set to: 42
Loading mnist_full...
Fetching mnist_full (torchvision)...
Initializing HDF5 file at outputs/mnist_full_lenet/n0.4_LeNet-XS/seed_103.h5...
Starting training on mnist_full (Input: 784, Classes: 10)...
Starting training on mnist_full...
Saving epoch 0 to HDF5...
Saving epoch 1 to HDF5...
Saving epoch 2 to HDF5...
Saving epoch 3 to HDF5...
Saving epoch 4 to HDF5...
Saving epoch 6 to HDF5...
Saving epoch 8 to HDF5...
Saving epoch 10 to HDF5...
Saving epoch 20 to HDF5...
Saving epoch 30 to HDF5...
Saving epoch 40 to HDF5...
Saving epoch 50 to HDF5...
Saving epoch 60 to HDF5...
Saving epoch 70 to HDF5...
Saving epoch 80 to HDF5...
Saving epoch 90 to HDF5...
Saving epoch 100 to HDF5...
Experiment complete.
  ok
[14/60] /home/johan/Documents/phd/WP1/geometric_binning_estimator/configs/mnist_full_lenet/n0.4_LeNet-XS/seed_104.yaml -> outputs/mnist_full_lenet/n0.4_LeNet-XS/seed_104.h5
✅ Global seed set to: 42
Loading mnist_full...
Fetching mnist_full (torchvision)...
Initializing HDF5 file at outputs/mnist_full_lenet/n0.4_LeNet-XS/seed_104.h5...
Starting training on mnist_full (Input: 784, Classes: 10)...
Starting training on mnist_full...
Saving epoch 0 to HDF5...
Saving epoch 1 to HDF5...
Saving epoch 2 to HDF5...
Saving epoch 3 to HDF5...
Saving epoch 4 to HDF5...
Saving epoch 6 to HDF5...
Saving epoch 8 to HDF5...
Saving epoch 10 to HDF5...
Saving epoch 20 to HDF5...
Saving epoch 30 to HDF5...
Saving epoch 40 to HDF5...
Saving epoch 50 to HDF5...
Saving epoch 60 to HDF5...
Saving epoch 70 to HDF5...
Saving epoch 80 to HDF5...
Saving epoch 90 to HDF5...
Saving epoch 100 to HDF5...
Experiment complete.
  ok
[15/60] /home/johan/Documents/phd/WP1/geometric_binning_estimator/configs/mnist_full_lenet/n0.4_LeNet-XS/seed_105.yaml -> outputs/mnist_full_lenet/n0.4_LeNet-XS/seed_105.h5
✅ Global seed set to: 42
Loading mnist_full...
Fetching mnist_full (torchvision)...
Initializing HDF5 file at outputs/mnist_full_lenet/n0.4_LeNet-XS/seed_105.h5...
Starting training on mnist_full (Input: 784, Classes: 10)...
Starting training on mnist_full...
Saving epoch 0 to HDF5...
Saving epoch 1 to HDF5...
Saving epoch 2 to HDF5...
Saving epoch 3 to HDF5...
Saving epoch 4 to HDF5...
Saving epoch 6 to HDF5...
Saving epoch 8 to HDF5...
Saving epoch 10 to HDF5...
Saving epoch 20 to HDF5...
Saving epoch 30 to HDF5...
Saving epoch 40 to HDF5...
Saving epoch 50 to HDF5...
Saving epoch 60 to HDF5...
Saving epoch 70 to HDF5...
Saving epoch 80 to HDF5...
Saving epoch 90 to HDF5...
Saving epoch 100 to HDF5...
Experiment complete.
  ok
[16/60] /home/johan/Documents/phd/WP1/geometric_binning_estimator/configs/mnist_full_lenet/n0.0_LeNet-S/seed_101.yaml -> outputs/mnist_full_lenet/n0.0_LeNet-S/seed_101.h5
✅ Global seed set to: 42
Loading mnist_full...
Fetching mnist_full (torchvision)...
Initializing HDF5 file at outputs/mnist_full_lenet/n0.0_LeNet-S/seed_101.h5...
Starting training on mnist_full (Input: 784, Classes: 10)...
Starting training on mnist_full...
Saving epoch 0 to HDF5...
Saving epoch 1 to HDF5...
Saving epoch 2 to HDF5...
Saving epoch 3 to HDF5...
Saving epoch 4 to HDF5...
Saving epoch 6 to HDF5...
Saving epoch 8 to HDF5...
Saving epoch 10 to HDF5...
Saving epoch 20 to HDF5...
Saving epoch 30 to HDF5...
Saving epoch 40 to HDF5...
Saving epoch 50 to HDF5...
Saving epoch 60 to HDF5...
Saving epoch 70 to HDF5...
Saving epoch 80 to HDF5...
Saving epoch 90 to HDF5...
Saving epoch 100 to HDF5...
Experiment complete.
  ok
[17/60] /home/johan/Documents/phd/WP1/geometric_binning_estimator/configs/mnist_full_lenet/n0.0_LeNet-S/seed_102.yaml -> outputs/mnist_full_lenet/n0.0_LeNet-S/seed_102.h5
✅ Global seed set to: 42
Loading mnist_full...
Fetching mnist_full (torchvision)...
Initializing HDF5 file at outputs/mnist_full_lenet/n0.0_LeNet-S/seed_102.h5...
Starting training on mnist_full (Input: 784, Classes: 10)...
Starting training on mnist_full...
Saving epoch 0 to HDF5...
Saving epoch 1 to HDF5...
Saving epoch 2 to HDF5...
Saving epoch 3 to HDF5...
Saving epoch 4 to HDF5...
Saving epoch 6 to HDF5...
Saving epoch 8 to HDF5...
Saving epoch 10 to HDF5...
Saving epoch 20 to HDF5...
Saving epoch 30 to HDF5...
Saving epoch 40 to HDF5...
Saving epoch 50 to HDF5...
Saving epoch 60 to HDF5...
Saving epoch 70 to HDF5...
Saving epoch 80 to HDF5...
Saving epoch 90 to HDF5...
Saving epoch 100 to HDF5...
Experiment complete.
  ok
[18/60] /home/johan/Documents/phd/WP1/geometric_binning_estimator/configs/mnist_full_lenet/n0.0_LeNet-S/seed_103.yaml -> outputs/mnist_full_lenet/n0.0_LeNet-S/seed_103.h5
✅ Global seed set to: 42
Loading mnist_full...
Fetching mnist_full (torchvision)...
Initializing HDF5 file at outputs/mnist_full_lenet/n0.0_LeNet-S/seed_103.h5...
Starting training on mnist_full (Input: 784, Classes: 10)...
Starting training on mnist_full...
Saving epoch 0 to HDF5...
Saving epoch 1 to HDF5...
Saving epoch 2 to HDF5...
Saving epoch 3 to HDF5...
Saving epoch 4 to HDF5...
Saving epoch 6 to HDF5...
Saving epoch 8 to HDF5...
Saving epoch 10 to HDF5...
Saving epoch 20 to HDF5...
Saving epoch 30 to HDF5...
Saving epoch 40 to HDF5...
Saving epoch 50 to HDF5...
Saving epoch 60 to HDF5...
Saving epoch 70 to HDF5...
Saving epoch 80 to HDF5...
Saving epoch 90 to HDF5...
Saving epoch 100 to HDF5...
Experiment complete.
  ok
[19/60] /home/johan/Documents/phd/WP1/geometric_binning_estimator/configs/mnist_full_lenet/n0.0_LeNet-S/seed_104.yaml -> outputs/mnist_full_lenet/n0.0_LeNet-S/seed_104.h5
✅ Global seed set to: 42
Loading mnist_full...
Fetching mnist_full (torchvision)...
Initializing HDF5 file at outputs/mnist_full_lenet/n0.0_LeNet-S/seed_104.h5...
Starting training on mnist_full (Input: 784, Classes: 10)...
Starting training on mnist_full...
Saving epoch 0 to HDF5...
Saving epoch 1 to HDF5...
Saving epoch 2 to HDF5...
Saving epoch 3 to HDF5...
Saving epoch 4 to HDF5...
Saving epoch 6 to HDF5...
Saving epoch 8 to HDF5...
Saving epoch 10 to HDF5...
Saving epoch 20 to HDF5...
Saving epoch 30 to HDF5...
Saving epoch 40 to HDF5...
Saving epoch 50 to HDF5...
Saving epoch 60 to HDF5...
Saving epoch 70 to HDF5...
Saving epoch 80 to HDF5...
Saving epoch 90 to HDF5...
Saving epoch 100 to HDF5...
Experiment complete.
  ok
[20/60] /home/johan/Documents/phd/WP1/geometric_binning_estimator/configs/mnist_full_lenet/n0.0_LeNet-S/seed_105.yaml -> outputs/mnist_full_lenet/n0.0_LeNet-S/seed_105.h5
✅ Global seed set to: 42
Loading mnist_full...
Fetching mnist_full (torchvision)...
Initializing HDF5 file at outputs/mnist_full_lenet/n0.0_LeNet-S/seed_105.h5...
Starting training on mnist_full (Input: 784, Classes: 10)...
Starting training on mnist_full...
Saving epoch 0 to HDF5...
Saving epoch 1 to HDF5...
Saving epoch 2 to HDF5...
Saving epoch 3 to HDF5...
Saving epoch 4 to HDF5...
Saving epoch 6 to HDF5...
Saving epoch 8 to HDF5...
Saving epoch 10 to HDF5...
Saving epoch 20 to HDF5...
Saving epoch 30 to HDF5...
Saving epoch 40 to HDF5...
Saving epoch 50 to HDF5...
Saving epoch 60 to HDF5...
Saving epoch 70 to HDF5...
Saving epoch 80 to HDF5...
Saving epoch 90 to HDF5...
Saving epoch 100 to HDF5...
Experiment complete.
  ok
[21/60] /home/johan/Documents/phd/WP1/geometric_binning_estimator/configs/mnist_full_lenet/n0.2_LeNet-S/seed_101.yaml -> outputs/mnist_full_lenet/n0.2_LeNet-S/seed_101.h5
✅ Global seed set to: 42
Loading mnist_full...
Fetching mnist_full (torchvision)...
Initializing HDF5 file at outputs/mnist_full_lenet/n0.2_LeNet-S/seed_101.h5...
Starting training on mnist_full (Input: 784, Classes: 10)...
Starting training on mnist_full...
Saving epoch 0 to HDF5...
Saving epoch 1 to HDF5...
Saving epoch 2 to HDF5...
Saving epoch 3 to HDF5...
Saving epoch 4 to HDF5...
Saving epoch 6 to HDF5...
Saving epoch 8 to HDF5...
Saving epoch 10 to HDF5...
Saving epoch 20 to HDF5...
Saving epoch 30 to HDF5...
Saving epoch 40 to HDF5...
Saving epoch 50 to HDF5...
Saving epoch 60 to HDF5...
Saving epoch 70 to HDF5...
Saving epoch 80 to HDF5...
Saving epoch 90 to HDF5...
Saving epoch 100 to HDF5...
Experiment complete.
  ok
[22/60] /home/johan/Documents/phd/WP1/geometric_binning_estimator/configs/mnist_full_lenet/n0.2_LeNet-S/seed_102.yaml -> outputs/mnist_full_lenet/n0.2_LeNet-S/seed_102.h5
✅ Global seed set to: 42
Loading mnist_full...
Fetching mnist_full (torchvision)...
Initializing HDF5 file at outputs/mnist_full_lenet/n0.2_LeNet-S/seed_102.h5...
Starting training on mnist_full (Input: 784, Classes: 10)...
Starting training on mnist_full...
Saving epoch 0 to HDF5...
Saving epoch 1 to HDF5...
Saving epoch 2 to HDF5...
Saving epoch 3 to HDF5...
Saving epoch 4 to HDF5...
Saving epoch 6 to HDF5...
Saving epoch 8 to HDF5...
Saving epoch 10 to HDF5...
Saving epoch 20 to HDF5...
Saving epoch 30 to HDF5...
Saving epoch 40 to HDF5...
Saving epoch 50 to HDF5...
Saving epoch 60 to HDF5...
Saving epoch 70 to HDF5...
Saving epoch 80 to HDF5...
Saving epoch 90 to HDF5...
Saving epoch 100 to HDF5...
Experiment complete.
  ok
[23/60] /home/johan/Documents/phd/WP1/geometric_binning_estimator/configs/mnist_full_lenet/n0.2_LeNet-S/seed_103.yaml -> outputs/mnist_full_lenet/n0.2_LeNet-S/seed_103.h5
✅ Global seed set to: 42
Loading mnist_full...
Fetching mnist_full (torchvision)...
Initializing HDF5 file at outputs/mnist_full_lenet/n0.2_LeNet-S/seed_103.h5...
Starting training on mnist_full (Input: 784, Classes: 10)...
Starting training on mnist_full...
Saving epoch 0 to HDF5...
Saving epoch 1 to HDF5...
Saving epoch 2 to HDF5...
Saving epoch 3 to HDF5...
Saving epoch 4 to HDF5...
Saving epoch 6 to HDF5...
Saving epoch 8 to HDF5...
Saving epoch 10 to HDF5...
Saving epoch 20 to HDF5...
Saving epoch 30 to HDF5...
Saving epoch 40 to HDF5...
Saving epoch 50 to HDF5...
Saving epoch 60 to HDF5...
Saving epoch 70 to HDF5...
Saving epoch 80 to HDF5...
Saving epoch 90 to HDF5...
Saving epoch 100 to HDF5...
Experiment complete.
  ok
[24/60] /home/johan/Documents/phd/WP1/geometric_binning_estimator/configs/mnist_full_lenet/n0.2_LeNet-S/seed_104.yaml -> outputs/mnist_full_lenet/n0.2_LeNet-S/seed_104.h5
✅ Global seed set to: 42
Loading mnist_full...
Fetching mnist_full (torchvision)...
Initializing HDF5 file at outputs/mnist_full_lenet/n0.2_LeNet-S/seed_104.h5...
Starting training on mnist_full (Input: 784, Classes: 10)...
Starting training on mnist_full...
Saving epoch 0 to HDF5...
Saving epoch 1 to HDF5...
Saving epoch 2 to HDF5...
Saving epoch 3 to HDF5...
Saving epoch 4 to HDF5...
Saving epoch 6 to HDF5...
Saving epoch 8 to HDF5...
Saving epoch 10 to HDF5...
Saving epoch 20 to HDF5...
Saving epoch 30 to HDF5...
Saving epoch 40 to HDF5...
Saving epoch 50 to HDF5...
Saving epoch 60 to HDF5...
Saving epoch 70 to HDF5...
Saving epoch 80 to HDF5...
Saving epoch 90 to HDF5...
Saving epoch 100 to HDF5...
Experiment complete.
  ok
[25/60] /home/johan/Documents/phd/WP1/geometric_binning_estimator/configs/mnist_full_lenet/n0.2_LeNet-S/seed_105.yaml -> outputs/mnist_full_lenet/n0.2_LeNet-S/seed_105.h5
✅ Global seed set to: 42
Loading mnist_full...
Fetching mnist_full (torchvision)...
Initializing HDF5 file at outputs/mnist_full_lenet/n0.2_LeNet-S/seed_105.h5...
Starting training on mnist_full (Input: 784, Classes: 10)...
Starting training on mnist_full...
Saving epoch 0 to HDF5...
Saving epoch 1 to HDF5...
Saving epoch 2 to HDF5...
Saving epoch 3 to HDF5...
Saving epoch 4 to HDF5...
Saving epoch 6 to HDF5...
Saving epoch 8 to HDF5...
Saving epoch 10 to HDF5...
Saving epoch 20 to HDF5...
Saving epoch 30 to HDF5...
Saving epoch 40 to HDF5...
Saving epoch 50 to HDF5...
Saving epoch 60 to HDF5...
Saving epoch 70 to HDF5...
Saving epoch 80 to HDF5...
Saving epoch 90 to HDF5...
Saving epoch 100 to HDF5...
Experiment complete.
  ok
[26/60] /home/johan/Documents/phd/WP1/geometric_binning_estimator/configs/mnist_full_lenet/n0.4_LeNet-S/seed_101.yaml -> outputs/mnist_full_lenet/n0.4_LeNet-S/seed_101.h5
✅ Global seed set to: 42
Loading mnist_full...
Fetching mnist_full (torchvision)...
Initializing HDF5 file at outputs/mnist_full_lenet/n0.4_LeNet-S/seed_101.h5...
Starting training on mnist_full (Input: 784, Classes: 10)...
Starting training on mnist_full...
Saving epoch 0 to HDF5...
Saving epoch 1 to HDF5...
Saving epoch 2 to HDF5...
Saving epoch 3 to HDF5...
Saving epoch 4 to HDF5...
Saving epoch 6 to HDF5...
Saving epoch 8 to HDF5...
Saving epoch 10 to HDF5...
Saving epoch 20 to HDF5...
Saving epoch 30 to HDF5...
Saving epoch 40 to HDF5...
Saving epoch 50 to HDF5...
Saving epoch 60 to HDF5...
Saving epoch 70 to HDF5...
Saving epoch 80 to HDF5...
Saving epoch 90 to HDF5...
Saving epoch 100 to HDF5...
Experiment complete.
  ok
[27/60] /home/johan/Documents/phd/WP1/geometric_binning_estimator/configs/mnist_full_lenet/n0.4_LeNet-S/seed_102.yaml -> outputs/mnist_full_lenet/n0.4_LeNet-S/seed_102.h5
✅ Global seed set to: 42
Loading mnist_full...
Fetching mnist_full (torchvision)...
Initializing HDF5 file at outputs/mnist_full_lenet/n0.4_LeNet-S/seed_102.h5...
Starting training on mnist_full (Input: 784, Classes: 10)...
Starting training on mnist_full...
Saving epoch 0 to HDF5...
Saving epoch 1 to HDF5...
Saving epoch 2 to HDF5...
Saving epoch 3 to HDF5...
Saving epoch 4 to HDF5...
Saving epoch 6 to HDF5...
Saving epoch 8 to HDF5...
Saving epoch 10 to HDF5...
Saving epoch 20 to HDF5...
Saving epoch 30 to HDF5...
Saving epoch 40 to HDF5...
Saving epoch 50 to HDF5...
Saving epoch 60 to HDF5...
Saving epoch 70 to HDF5...
Saving epoch 80 to HDF5...
Saving epoch 90 to HDF5...
Saving epoch 100 to HDF5...
Experiment complete.
  ok
[28/60] /home/johan/Documents/phd/WP1/geometric_binning_estimator/configs/mnist_full_lenet/n0.4_LeNet-S/seed_103.yaml -> outputs/mnist_full_lenet/n0.4_LeNet-S/seed_103.h5
✅ Global seed set to: 42
Loading mnist_full...
Fetching mnist_full (torchvision)...
Initializing HDF5 file at outputs/mnist_full_lenet/n0.4_LeNet-S/seed_103.h5...
Starting training on mnist_full (Input: 784, Classes: 10)...
Starting training on mnist_full...
Saving epoch 0 to HDF5...
Saving epoch 1 to HDF5...
Saving epoch 2 to HDF5...
Saving epoch 3 to HDF5...
Saving epoch 4 to HDF5...
Saving epoch 6 to HDF5...
Saving epoch 8 to HDF5...
Saving epoch 10 to HDF5...
Saving epoch 20 to HDF5...
Saving epoch 30 to HDF5...
Saving epoch 40 to HDF5...
Saving epoch 50 to HDF5...
Saving epoch 60 to HDF5...
Saving epoch 70 to HDF5...
Saving epoch 80 to HDF5...
Saving epoch 90 to HDF5...
Saving epoch 100 to HDF5...
Experiment complete.
  ok
[29/60] /home/johan/Documents/phd/WP1/geometric_binning_estimator/configs/mnist_full_lenet/n0.4_LeNet-S/seed_104.yaml -> outputs/mnist_full_lenet/n0.4_LeNet-S/seed_104.h5
✅ Global seed set to: 42
Loading mnist_full...
Fetching mnist_full (torchvision)...
Initializing HDF5 file at outputs/mnist_full_lenet/n0.4_LeNet-S/seed_104.h5...
Starting training on mnist_full (Input: 784, Classes: 10)...
Starting training on mnist_full...
Saving epoch 0 to HDF5...
Saving epoch 1 to HDF5...
Saving epoch 2 to HDF5...
Saving epoch 3 to HDF5...
Saving epoch 4 to HDF5...
Saving epoch 6 to HDF5...
Saving epoch 8 to HDF5...
Saving epoch 10 to HDF5...
Saving epoch 20 to HDF5...
Saving epoch 30 to HDF5...
Saving epoch 40 to HDF5...
Saving epoch 50 to HDF5...
Saving epoch 60 to HDF5...
Saving epoch 70 to HDF5...
Saving epoch 80 to HDF5...
Saving epoch 90 to HDF5...
Saving epoch 100 to HDF5...
Experiment complete.
  ok
[30/60] /home/johan/Documents/phd/WP1/geometric_binning_estimator/configs/mnist_full_lenet/n0.4_LeNet-S/seed_105.yaml -> outputs/mnist_full_lenet/n0.4_LeNet-S/seed_105.h5
✅ Global seed set to: 42
Loading mnist_full...
Fetching mnist_full (torchvision)...
Initializing HDF5 file at outputs/mnist_full_lenet/n0.4_LeNet-S/seed_105.h5...
Starting training on mnist_full (Input: 784, Classes: 10)...
Starting training on mnist_full...
Saving epoch 0 to HDF5...
Saving epoch 1 to HDF5...
Saving epoch 2 to HDF5...
Saving epoch 3 to HDF5...
Saving epoch 4 to HDF5...
Saving epoch 6 to HDF5...
Saving epoch 8 to HDF5...
Saving epoch 10 to HDF5...
Saving epoch 20 to HDF5...
Saving epoch 30 to HDF5...
Saving epoch 40 to HDF5...
Saving epoch 50 to HDF5...
Saving epoch 60 to HDF5...
Saving epoch 70 to HDF5...
Saving epoch 80 to HDF5...
Saving epoch 90 to HDF5...
Saving epoch 100 to HDF5...
Experiment complete.
  ok
[31/60] /home/johan/Documents/phd/WP1/geometric_binning_estimator/configs/mnist_full_lenet/n0.0_LeNet-M/seed_101.yaml -> outputs/mnist_full_lenet/n0.0_LeNet-M/seed_101.h5
✅ Global seed set to: 42
Loading mnist_full...
Fetching mnist_full (torchvision)...
Initializing HDF5 file at outputs/mnist_full_lenet/n0.0_LeNet-M/seed_101.h5...
Starting training on mnist_full (Input: 784, Classes: 10)...
Starting training on mnist_full...
Saving epoch 0 to HDF5...
Saving epoch 1 to HDF5...
Saving epoch 2 to HDF5...
Saving epoch 3 to HDF5...
Saving epoch 4 to HDF5...
Saving epoch 6 to HDF5...
Saving epoch 8 to HDF5...
Saving epoch 10 to HDF5...
Saving epoch 20 to HDF5...
Saving epoch 30 to HDF5...
Saving epoch 40 to HDF5...
Saving epoch 50 to HDF5...
Saving epoch 60 to HDF5...
Saving epoch 70 to HDF5...
Saving epoch 80 to HDF5...
Saving epoch 90 to HDF5...
Saving epoch 100 to HDF5...
Experiment complete.
  ok
[32/60] /home/johan/Documents/phd/WP1/geometric_binning_estimator/configs/mnist_full_lenet/n0.0_LeNet-M/seed_102.yaml -> outputs/mnist_full_lenet/n0.0_LeNet-M/seed_102.h5
✅ Global seed set to: 42
Loading mnist_full...
Fetching mnist_full (torchvision)...
Initializing HDF5 file at outputs/mnist_full_lenet/n0.0_LeNet-M/seed_102.h5...
Starting training on mnist_full (Input: 784, Classes: 10)...
Starting training on mnist_full...
Saving epoch 0 to HDF5...
Saving epoch 1 to HDF5...
Saving epoch 2 to HDF5...
Saving epoch 3 to HDF5...
Saving epoch 4 to HDF5...
Saving epoch 6 to HDF5...
Saving epoch 8 to HDF5...
Saving epoch 10 to HDF5...
Saving epoch 20 to HDF5...
Saving epoch 30 to HDF5...
Saving epoch 40 to HDF5...
Saving epoch 50 to HDF5...
Saving epoch 60 to HDF5...
Saving epoch 70 to HDF5...
Saving epoch 80 to HDF5...
Saving epoch 90 to HDF5...
Saving epoch 100 to HDF5...
Experiment complete.
  ok
[33/60] /home/johan/Documents/phd/WP1/geometric_binning_estimator/configs/mnist_full_lenet/n0.0_LeNet-M/seed_103.yaml -> outputs/mnist_full_lenet/n0.0_LeNet-M/seed_103.h5
✅ Global seed set to: 42
Loading mnist_full...
Fetching mnist_full (torchvision)...
Initializing HDF5 file at outputs/mnist_full_lenet/n0.0_LeNet-M/seed_103.h5...
Starting training on mnist_full (Input: 784, Classes: 10)...
Starting training on mnist_full...
Saving epoch 0 to HDF5...
Saving epoch 1 to HDF5...
Saving epoch 2 to HDF5...
Saving epoch 3 to HDF5...
Saving epoch 4 to HDF5...
Saving epoch 6 to HDF5...
Saving epoch 8 to HDF5...
Saving epoch 10 to HDF5...
Saving epoch 20 to HDF5...
Saving epoch 30 to HDF5...
Saving epoch 40 to HDF5...
Saving epoch 50 to HDF5...
Saving epoch 60 to HDF5...
Saving epoch 70 to HDF5...
Saving epoch 80 to HDF5...
Saving epoch 90 to HDF5...
Saving epoch 100 to HDF5...
Experiment complete.
  ok
[34/60] /home/johan/Documents/phd/WP1/geometric_binning_estimator/configs/mnist_full_lenet/n0.0_LeNet-M/seed_104.yaml -> outputs/mnist_full_lenet/n0.0_LeNet-M/seed_104.h5
✅ Global seed set to: 42
Loading mnist_full...
Fetching mnist_full (torchvision)...
Initializing HDF5 file at outputs/mnist_full_lenet/n0.0_LeNet-M/seed_104.h5...
Starting training on mnist_full (Input: 784, Classes: 10)...
Starting training on mnist_full...
Saving epoch 0 to HDF5...
Saving epoch 1 to HDF5...
Saving epoch 2 to HDF5...
Saving epoch 3 to HDF5...
Saving epoch 4 to HDF5...
Saving epoch 6 to HDF5...
Saving epoch 8 to HDF5...
Saving epoch 10 to HDF5...
Saving epoch 20 to HDF5...
Saving epoch 30 to HDF5...
Saving epoch 40 to HDF5...
Saving epoch 50 to HDF5...
Saving epoch 60 to HDF5...
Saving epoch 70 to HDF5...
Saving epoch 80 to HDF5...
Saving epoch 90 to HDF5...
Saving epoch 100 to HDF5...
Experiment complete.
  ok
[35/60] /home/johan/Documents/phd/WP1/geometric_binning_estimator/configs/mnist_full_lenet/n0.0_LeNet-M/seed_105.yaml -> outputs/mnist_full_lenet/n0.0_LeNet-M/seed_105.h5
✅ Global seed set to: 42
Loading mnist_full...
Fetching mnist_full (torchvision)...
Initializing HDF5 file at outputs/mnist_full_lenet/n0.0_LeNet-M/seed_105.h5...
Starting training on mnist_full (Input: 784, Classes: 10)...
Starting training on mnist_full...
Saving epoch 0 to HDF5...
Saving epoch 1 to HDF5...
Saving epoch 2 to HDF5...
Saving epoch 3 to HDF5...
Saving epoch 4 to HDF5...
Saving epoch 6 to HDF5...
Saving epoch 8 to HDF5...
Saving epoch 10 to HDF5...
Saving epoch 20 to HDF5...
Saving epoch 30 to HDF5...
Saving epoch 40 to HDF5...
Saving epoch 50 to HDF5...
Saving epoch 60 to HDF5...
Saving epoch 70 to HDF5...
Saving epoch 80 to HDF5...
Saving epoch 90 to HDF5...
Saving epoch 100 to HDF5...
Experiment complete.
  ok
[36/60] /home/johan/Documents/phd/WP1/geometric_binning_estimator/configs/mnist_full_lenet/n0.2_LeNet-M/seed_101.yaml -> outputs/mnist_full_lenet/n0.2_LeNet-M/seed_101.h5
✅ Global seed set to: 42
Loading mnist_full...
Fetching mnist_full (torchvision)...
Initializing HDF5 file at outputs/mnist_full_lenet/n0.2_LeNet-M/seed_101.h5...
Starting training on mnist_full (Input: 784, Classes: 10)...
Starting training on mnist_full...
Saving epoch 0 to HDF5...
Saving epoch 1 to HDF5...
Saving epoch 2 to HDF5...
Saving epoch 3 to HDF5...
Saving epoch 4 to HDF5...
Saving epoch 6 to HDF5...
Saving epoch 8 to HDF5...
Saving epoch 10 to HDF5...
Saving epoch 20 to HDF5...
Saving epoch 30 to HDF5...
Saving epoch 40 to HDF5...
Saving epoch 50 to HDF5...
Saving epoch 60 to HDF5...
Saving epoch 70 to HDF5...
Saving epoch 80 to HDF5...
Saving epoch 90 to HDF5...
Saving epoch 100 to HDF5...
Experiment complete.
  ok
[37/60] /home/johan/Documents/phd/WP1/geometric_binning_estimator/configs/mnist_full_lenet/n0.2_LeNet-M/seed_102.yaml -> outputs/mnist_full_lenet/n0.2_LeNet-M/seed_102.h5
✅ Global seed set to: 42
Loading mnist_full...
Fetching mnist_full (torchvision)...
Initializing HDF5 file at outputs/mnist_full_lenet/n0.2_LeNet-M/seed_102.h5...
Starting training on mnist_full (Input: 784, Classes: 10)...
Starting training on mnist_full...
Saving epoch 0 to HDF5...
Saving epoch 1 to HDF5...
Saving epoch 2 to HDF5...
Saving epoch 3 to HDF5...
Saving epoch 4 to HDF5...
Saving epoch 6 to HDF5...
Saving epoch 8 to HDF5...
Saving epoch 10 to HDF5...
Saving epoch 20 to HDF5...
Saving epoch 30 to HDF5...
Saving epoch 40 to HDF5...
Saving epoch 50 to HDF5...
Saving epoch 60 to HDF5...
Saving epoch 70 to HDF5...
Saving epoch 80 to HDF5...
Saving epoch 90 to HDF5...
Saving epoch 100 to HDF5...
Experiment complete.
  ok
[38/60] /home/johan/Documents/phd/WP1/geometric_binning_estimator/configs/mnist_full_lenet/n0.2_LeNet-M/seed_103.yaml -> outputs/mnist_full_lenet/n0.2_LeNet-M/seed_103.h5
✅ Global seed set to: 42
Loading mnist_full...
Fetching mnist_full (torchvision)...
Initializing HDF5 file at outputs/mnist_full_lenet/n0.2_LeNet-M/seed_103.h5...
Starting training on mnist_full (Input: 784, Classes: 10)...
Starting training on mnist_full...
Saving epoch 0 to HDF5...
Saving epoch 1 to HDF5...
Saving epoch 2 to HDF5...
Saving epoch 3 to HDF5...
Saving epoch 4 to HDF5...
Saving epoch 6 to HDF5...
Saving epoch 8 to HDF5...
Saving epoch 10 to HDF5...
Saving epoch 20 to HDF5...
Saving epoch 30 to HDF5...
Saving epoch 40 to HDF5...
Saving epoch 50 to HDF5...
Saving epoch 60 to HDF5...
Saving epoch 70 to HDF5...
Saving epoch 80 to HDF5...
Saving epoch 90 to HDF5...
Saving epoch 100 to HDF5...
Experiment complete.
  ok
[39/60] /home/johan/Documents/phd/WP1/geometric_binning_estimator/configs/mnist_full_lenet/n0.2_LeNet-M/seed_104.yaml -> outputs/mnist_full_lenet/n0.2_LeNet-M/seed_104.h5
✅ Global seed set to: 42
Loading mnist_full...
Fetching mnist_full (torchvision)...
Initializing HDF5 file at outputs/mnist_full_lenet/n0.2_LeNet-M/seed_104.h5...
Starting training on mnist_full (Input: 784, Classes: 10)...
Starting training on mnist_full...
Saving epoch 0 to HDF5...
Saving epoch 1 to HDF5...
Saving epoch 2 to HDF5...
Saving epoch 3 to HDF5...
Saving epoch 4 to HDF5...
Saving epoch 6 to HDF5...
Saving epoch 8 to HDF5...
Saving epoch 10 to HDF5...
Saving epoch 20 to HDF5...
Saving epoch 30 to HDF5...
Saving epoch 40 to HDF5...
Saving epoch 50 to HDF5...
Saving epoch 60 to HDF5...
Saving epoch 70 to HDF5...
Saving epoch 80 to HDF5...
Saving epoch 90 to HDF5...
Saving epoch 100 to HDF5...
Experiment complete.
  ok
[40/60] /home/johan/Documents/phd/WP1/geometric_binning_estimator/configs/mnist_full_lenet/n0.2_LeNet-M/seed_105.yaml -> outputs/mnist_full_lenet/n0.2_LeNet-M/seed_105.h5
✅ Global seed set to: 42
Loading mnist_full...
Fetching mnist_full (torchvision)...
Initializing HDF5 file at outputs/mnist_full_lenet/n0.2_LeNet-M/seed_105.h5...
Starting training on mnist_full (Input: 784, Classes: 10)...
Starting training on mnist_full...
Saving epoch 0 to HDF5...
Saving epoch 1 to HDF5...
Saving epoch 2 to HDF5...
Saving epoch 3 to HDF5...
Saving epoch 4 to HDF5...
Saving epoch 6 to HDF5...
Saving epoch 8 to HDF5...
Saving epoch 10 to HDF5...
Saving epoch 20 to HDF5...
Saving epoch 30 to HDF5...
Saving epoch 40 to HDF5...
Saving epoch 50 to HDF5...
Saving epoch 60 to HDF5...
Saving epoch 70 to HDF5...
Saving epoch 80 to HDF5...
Saving epoch 90 to HDF5...
Saving epoch 100 to HDF5...
Experiment complete.
  ok
[41/60] /home/johan/Documents/phd/WP1/geometric_binning_estimator/configs/mnist_full_lenet/n0.4_LeNet-M/seed_101.yaml -> outputs/mnist_full_lenet/n0.4_LeNet-M/seed_101.h5
✅ Global seed set to: 42
Loading mnist_full...
Fetching mnist_full (torchvision)...
Initializing HDF5 file at outputs/mnist_full_lenet/n0.4_LeNet-M/seed_101.h5...
Starting training on mnist_full (Input: 784, Classes: 10)...
Starting training on mnist_full...
Saving epoch 0 to HDF5...
Saving epoch 1 to HDF5...
Saving epoch 2 to HDF5...
Saving epoch 3 to HDF5...
Saving epoch 4 to HDF5...
Saving epoch 6 to HDF5...
Saving epoch 8 to HDF5...
Saving epoch 10 to HDF5...
Saving epoch 20 to HDF5...
Saving epoch 30 to HDF5...
Saving epoch 40 to HDF5...
Saving epoch 50 to HDF5...
Saving epoch 60 to HDF5...
Saving epoch 70 to HDF5...
Saving epoch 80 to HDF5...
Saving epoch 90 to HDF5...
Saving epoch 100 to HDF5...
Experiment complete.
  ok
[42/60] /home/johan/Documents/phd/WP1/geometric_binning_estimator/configs/mnist_full_lenet/n0.4_LeNet-M/seed_102.yaml -> outputs/mnist_full_lenet/n0.4_LeNet-M/seed_102.h5
✅ Global seed set to: 42
Loading mnist_full...
Fetching mnist_full (torchvision)...
Initializing HDF5 file at outputs/mnist_full_lenet/n0.4_LeNet-M/seed_102.h5...
Starting training on mnist_full (Input: 784, Classes: 10)...
Starting training on mnist_full...
Saving epoch 0 to HDF5...
Saving epoch 1 to HDF5...
Saving epoch 2 to HDF5...
Saving epoch 3 to HDF5...
Saving epoch 4 to HDF5...
Saving epoch 6 to HDF5...
Saving epoch 8 to HDF5...
Saving epoch 10 to HDF5...
Saving epoch 20 to HDF5...
Saving epoch 30 to HDF5...
Saving epoch 40 to HDF5...
Saving epoch 50 to HDF5...
Saving epoch 60 to HDF5...
Saving epoch 70 to HDF5...
Saving epoch 80 to HDF5...
Saving epoch 90 to HDF5...
Saving epoch 100 to HDF5...
Experiment complete.
  ok
[43/60] /home/johan/Documents/phd/WP1/geometric_binning_estimator/configs/mnist_full_lenet/n0.4_LeNet-M/seed_103.yaml -> outputs/mnist_full_lenet/n0.4_LeNet-M/seed_103.h5
✅ Global seed set to: 42
Loading mnist_full...
Fetching mnist_full (torchvision)...
Initializing HDF5 file at outputs/mnist_full_lenet/n0.4_LeNet-M/seed_103.h5...
Starting training on mnist_full (Input: 784, Classes: 10)...
Starting training on mnist_full...
Saving epoch 0 to HDF5...
Saving epoch 1 to HDF5...
Saving epoch 2 to HDF5...
Saving epoch 3 to HDF5...
Saving epoch 4 to HDF5...
Saving epoch 6 to HDF5...
Saving epoch 8 to HDF5...
Saving epoch 10 to HDF5...
Saving epoch 20 to HDF5...
Saving epoch 30 to HDF5...
Saving epoch 40 to HDF5...
Saving epoch 50 to HDF5...
Saving epoch 60 to HDF5...
Saving epoch 70 to HDF5...
Saving epoch 80 to HDF5...
Saving epoch 90 to HDF5...
Saving epoch 100 to HDF5...
Experiment complete.
  ok
[44/60] /home/johan/Documents/phd/WP1/geometric_binning_estimator/configs/mnist_full_lenet/n0.4_LeNet-M/seed_104.yaml -> outputs/mnist_full_lenet/n0.4_LeNet-M/seed_104.h5
✅ Global seed set to: 42
Loading mnist_full...
Fetching mnist_full (torchvision)...
Initializing HDF5 file at outputs/mnist_full_lenet/n0.4_LeNet-M/seed_104.h5...
Starting training on mnist_full (Input: 784, Classes: 10)...
Starting training on mnist_full...
Saving epoch 0 to HDF5...
Saving epoch 1 to HDF5...
Saving epoch 2 to HDF5...
Saving epoch 3 to HDF5...
Saving epoch 4 to HDF5...
Saving epoch 6 to HDF5...
Saving epoch 8 to HDF5...
Saving epoch 10 to HDF5...
Saving epoch 20 to HDF5...
Saving epoch 30 to HDF5...
Saving epoch 40 to HDF5...
Saving epoch 50 to HDF5...
Saving epoch 60 to HDF5...
Saving epoch 70 to HDF5...
Saving epoch 80 to HDF5...
Saving epoch 90 to HDF5...
Saving epoch 100 to HDF5...
Experiment complete.
  ok
[45/60] /home/johan/Documents/phd/WP1/geometric_binning_estimator/configs/mnist_full_lenet/n0.4_LeNet-M/seed_105.yaml -> outputs/mnist_full_lenet/n0.4_LeNet-M/seed_105.h5
✅ Global seed set to: 42
Loading mnist_full...
Fetching mnist_full (torchvision)...
Initializing HDF5 file at outputs/mnist_full_lenet/n0.4_LeNet-M/seed_105.h5...
Starting training on mnist_full (Input: 784, Classes: 10)...
Starting training on mnist_full...
Saving epoch 0 to HDF5...
Saving epoch 1 to HDF5...
Saving epoch 2 to HDF5...
Saving epoch 3 to HDF5...
Saving epoch 4 to HDF5...
Saving epoch 6 to HDF5...
Saving epoch 8 to HDF5...
Saving epoch 10 to HDF5...
Saving epoch 20 to HDF5...
Saving epoch 30 to HDF5...
Saving epoch 40 to HDF5...
Saving epoch 50 to HDF5...
Saving epoch 60 to HDF5...
Saving epoch 70 to HDF5...
Saving epoch 80 to HDF5...
Saving epoch 90 to HDF5...
Saving epoch 100 to HDF5...
Experiment complete.
  ok
[46/60] /home/johan/Documents/phd/WP1/geometric_binning_estimator/configs/mnist_full_lenet/n0.0_LeNet-L/seed_101.yaml -> outputs/mnist_full_lenet/n0.0_LeNet-L/seed_101.h5
✅ Global seed set to: 42
Loading mnist_full...
Fetching mnist_full (torchvision)...
Initializing HDF5 file at outputs/mnist_full_lenet/n0.0_LeNet-L/seed_101.h5...
Starting training on mnist_full (Input: 784, Classes: 10)...
Starting training on mnist_full...
Saving epoch 0 to HDF5...
Saving epoch 1 to HDF5...
Saving epoch 2 to HDF5...
Saving epoch 3 to HDF5...
Saving epoch 4 to HDF5...
Saving epoch 6 to HDF5...
Saving epoch 8 to HDF5...
Saving epoch 10 to HDF5...
Saving epoch 20 to HDF5...
Saving epoch 30 to HDF5...
Saving epoch 40 to HDF5...
Saving epoch 50 to HDF5...
Saving epoch 60 to HDF5...
Saving epoch 70 to HDF5...
Saving epoch 80 to HDF5...
Saving epoch 90 to HDF5...
Saving epoch 100 to HDF5...
Experiment complete.
  ok
[47/60] /home/johan/Documents/phd/WP1/geometric_binning_estimator/configs/mnist_full_lenet/n0.0_LeNet-L/seed_102.yaml -> outputs/mnist_full_lenet/n0.0_LeNet-L/seed_102.h5
✅ Global seed set to: 42
Loading mnist_full...
Fetching mnist_full (torchvision)...
Initializing HDF5 file at outputs/mnist_full_lenet/n0.0_LeNet-L/seed_102.h5...
Starting training on mnist_full (Input: 784, Classes: 10)...
Starting training on mnist_full...
Saving epoch 0 to HDF5...
Saving epoch 1 to HDF5...
Saving epoch 2 to HDF5...
Saving epoch 3 to HDF5...
Saving epoch 4 to HDF5...
Saving epoch 6 to HDF5...
Saving epoch 8 to HDF5...
Saving epoch 10 to HDF5...
Saving epoch 20 to HDF5...
Saving epoch 30 to HDF5...
Saving epoch 40 to HDF5...
Saving epoch 50 to HDF5...
Saving epoch 60 to HDF5...
Saving epoch 70 to HDF5...
Saving epoch 80 to HDF5...
Saving epoch 90 to HDF5...
Saving epoch 100 to HDF5...
Experiment complete.
  ok
[48/60] /home/johan/Documents/phd/WP1/geometric_binning_estimator/configs/mnist_full_lenet/n0.0_LeNet-L/seed_103.yaml -> outputs/mnist_full_lenet/n0.0_LeNet-L/seed_103.h5
✅ Global seed set to: 42
Loading mnist_full...
Fetching mnist_full (torchvision)...
Initializing HDF5 file at outputs/mnist_full_lenet/n0.0_LeNet-L/seed_103.h5...
Starting training on mnist_full (Input: 784, Classes: 10)...
Starting training on mnist_full...
Saving epoch 0 to HDF5...
Saving epoch 1 to HDF5...
Saving epoch 2 to HDF5...
Saving epoch 3 to HDF5...
Saving epoch 4 to HDF5...
Saving epoch 6 to HDF5...
Saving epoch 8 to HDF5...
Saving epoch 10 to HDF5...
Saving epoch 20 to HDF5...
Saving epoch 30 to HDF5...
Saving epoch 40 to HDF5...
Saving epoch 50 to HDF5...
Saving epoch 60 to HDF5...
Saving epoch 70 to HDF5...
Saving epoch 80 to HDF5...
Saving epoch 90 to HDF5...
Saving epoch 100 to HDF5...
Experiment complete.
  ok
[49/60] /home/johan/Documents/phd/WP1/geometric_binning_estimator/configs/mnist_full_lenet/n0.0_LeNet-L/seed_104.yaml -> outputs/mnist_full_lenet/n0.0_LeNet-L/seed_104.h5
✅ Global seed set to: 42
Loading mnist_full...
Fetching mnist_full (torchvision)...
Initializing HDF5 file at outputs/mnist_full_lenet/n0.0_LeNet-L/seed_104.h5...
Starting training on mnist_full (Input: 784, Classes: 10)...
Starting training on mnist_full...
Saving epoch 0 to HDF5...
Saving epoch 1 to HDF5...
Saving epoch 2 to HDF5...
Saving epoch 3 to HDF5...
Saving epoch 4 to HDF5...
Saving epoch 6 to HDF5...
Saving epoch 8 to HDF5...
Saving epoch 10 to HDF5...
Saving epoch 20 to HDF5...
Saving epoch 30 to HDF5...
Saving epoch 40 to HDF5...
Saving epoch 50 to HDF5...
Saving epoch 60 to HDF5...
Saving epoch 70 to HDF5...
Saving epoch 80 to HDF5...
Saving epoch 90 to HDF5...
Saving epoch 100 to HDF5...
Experiment complete.
  ok
[50/60] /home/johan/Documents/phd/WP1/geometric_binning_estimator/configs/mnist_full_lenet/n0.0_LeNet-L/seed_105.yaml -> outputs/mnist_full_lenet/n0.0_LeNet-L/seed_105.h5
✅ Global seed set to: 42
Loading mnist_full...
Fetching mnist_full (torchvision)...
Initializing HDF5 file at outputs/mnist_full_lenet/n0.0_LeNet-L/seed_105.h5...
Starting training on mnist_full (Input: 784, Classes: 10)...
Starting training on mnist_full...
Saving epoch 0 to HDF5...
Saving epoch 1 to HDF5...
Saving epoch 2 to HDF5...
Saving epoch 3 to HDF5...
Saving epoch 4 to HDF5...
Saving epoch 6 to HDF5...
Saving epoch 8 to HDF5...
Saving epoch 10 to HDF5...
Saving epoch 20 to HDF5...
Saving epoch 30 to HDF5...
Saving epoch 40 to HDF5...
Saving epoch 50 to HDF5...
Saving epoch 60 to HDF5...
Saving epoch 70 to HDF5...
Saving epoch 80 to HDF5...
Saving epoch 90 to HDF5...
Saving epoch 100 to HDF5...
Experiment complete.
  ok
[51/60] /home/johan/Documents/phd/WP1/geometric_binning_estimator/configs/mnist_full_lenet/n0.2_LeNet-L/seed_101.yaml -> outputs/mnist_full_lenet/n0.2_LeNet-L/seed_101.h5
✅ Global seed set to: 42
Loading mnist_full...
Fetching mnist_full (torchvision)...
Initializing HDF5 file at outputs/mnist_full_lenet/n0.2_LeNet-L/seed_101.h5...
Starting training on mnist_full (Input: 784, Classes: 10)...
Starting training on mnist_full...
Saving epoch 0 to HDF5...
Saving epoch 1 to HDF5...
Saving epoch 2 to HDF5...
Saving epoch 3 to HDF5...
Saving epoch 4 to HDF5...
Saving epoch 6 to HDF5...
Saving epoch 8 to HDF5...
Saving epoch 10 to HDF5...
Saving epoch 20 to HDF5...
Saving epoch 30 to HDF5...
Saving epoch 40 to HDF5...
Saving epoch 50 to HDF5...
Saving epoch 60 to HDF5...
Saving epoch 70 to HDF5...
Saving epoch 80 to HDF5...
Saving epoch 90 to HDF5...
Saving epoch 100 to HDF5...
Experiment complete.
  ok
[52/60] /home/johan/Documents/phd/WP1/geometric_binning_estimator/configs/mnist_full_lenet/n0.2_LeNet-L/seed_102.yaml -> outputs/mnist_full_lenet/n0.2_LeNet-L/seed_102.h5
✅ Global seed set to: 42
Loading mnist_full...
Fetching mnist_full (torchvision)...
Initializing HDF5 file at outputs/mnist_full_lenet/n0.2_LeNet-L/seed_102.h5...
Starting training on mnist_full (Input: 784, Classes: 10)...
Starting training on mnist_full...
Saving epoch 0 to HDF5...
Saving epoch 1 to HDF5...
Saving epoch 2 to HDF5...
Saving epoch 3 to HDF5...
Saving epoch 4 to HDF5...
Saving epoch 6 to HDF5...
Saving epoch 8 to HDF5...
Saving epoch 10 to HDF5...
Saving epoch 20 to HDF5...
Saving epoch 30 to HDF5...
Saving epoch 40 to HDF5...
Saving epoch 50 to HDF5...
Saving epoch 60 to HDF5...
Saving epoch 70 to HDF5...
Saving epoch 80 to HDF5...
Saving epoch 90 to HDF5...
Saving epoch 100 to HDF5...
Experiment complete.
  ok
[53/60] /home/johan/Documents/phd/WP1/geometric_binning_estimator/configs/mnist_full_lenet/n0.2_LeNet-L/seed_103.yaml -> outputs/mnist_full_lenet/n0.2_LeNet-L/seed_103.h5
✅ Global seed set to: 42
Loading mnist_full...
Fetching mnist_full (torchvision)...
Initializing HDF5 file at outputs/mnist_full_lenet/n0.2_LeNet-L/seed_103.h5...
Starting training on mnist_full (Input: 784, Classes: 10)...
Starting training on mnist_full...
Saving epoch 0 to HDF5...
Saving epoch 1 to HDF5...
Saving epoch 2 to HDF5...
Saving epoch 3 to HDF5...
Saving epoch 4 to HDF5...
Saving epoch 6 to HDF5...
Saving epoch 8 to HDF5...
Saving epoch 10 to HDF5...
Saving epoch 20 to HDF5...
Saving epoch 30 to HDF5...
Saving epoch 40 to HDF5...
Saving epoch 50 to HDF5...
Saving epoch 60 to HDF5...
Saving epoch 70 to HDF5...
Saving epoch 80 to HDF5...
Saving epoch 90 to HDF5...
Saving epoch 100 to HDF5...
Experiment complete.
  ok
[54/60] /home/johan/Documents/phd/WP1/geometric_binning_estimator/configs/mnist_full_lenet/n0.2_LeNet-L/seed_104.yaml -> outputs/mnist_full_lenet/n0.2_LeNet-L/seed_104.h5
✅ Global seed set to: 42
Loading mnist_full...
Fetching mnist_full (torchvision)...
Initializing HDF5 file at outputs/mnist_full_lenet/n0.2_LeNet-L/seed_104.h5...
Starting training on mnist_full (Input: 784, Classes: 10)...
Starting training on mnist_full...
Saving epoch 0 to HDF5...
Saving epoch 1 to HDF5...
Saving epoch 2 to HDF5...
Saving epoch 3 to HDF5...
Saving epoch 4 to HDF5...
Saving epoch 6 to HDF5...
Saving epoch 8 to HDF5...
Saving epoch 10 to HDF5...
Saving epoch 20 to HDF5...
Saving epoch 30 to HDF5...
Saving epoch 40 to HDF5...
Saving epoch 50 to HDF5...
Saving epoch 60 to HDF5...
Saving epoch 70 to HDF5...
Saving epoch 80 to HDF5...
Saving epoch 90 to HDF5...
Saving epoch 100 to HDF5...
Experiment complete.
  ok
[55/60] /home/johan/Documents/phd/WP1/geometric_binning_estimator/configs/mnist_full_lenet/n0.2_LeNet-L/seed_105.yaml -> outputs/mnist_full_lenet/n0.2_LeNet-L/seed_105.h5
✅ Global seed set to: 42
Loading mnist_full...
Fetching mnist_full (torchvision)...
Initializing HDF5 file at outputs/mnist_full_lenet/n0.2_LeNet-L/seed_105.h5...
Starting training on mnist_full (Input: 784, Classes: 10)...
Starting training on mnist_full...
Saving epoch 0 to HDF5...
Saving epoch 1 to HDF5...
Saving epoch 2 to HDF5...
Saving epoch 3 to HDF5...
Saving epoch 4 to HDF5...
Saving epoch 6 to HDF5...
Saving epoch 8 to HDF5...
Saving epoch 10 to HDF5...
Saving epoch 20 to HDF5...
Saving epoch 30 to HDF5...
Saving epoch 40 to HDF5...
Saving epoch 50 to HDF5...
Saving epoch 60 to HDF5...
Saving epoch 70 to HDF5...
Saving epoch 80 to HDF5...
Saving epoch 90 to HDF5...
Saving epoch 100 to HDF5...
Experiment complete.
  ok
[56/60] /home/johan/Documents/phd/WP1/geometric_binning_estimator/configs/mnist_full_lenet/n0.4_LeNet-L/seed_101.yaml -> outputs/mnist_full_lenet/n0.4_LeNet-L/seed_101.h5
✅ Global seed set to: 42
Loading mnist_full...
Fetching mnist_full (torchvision)...
Initializing HDF5 file at outputs/mnist_full_lenet/n0.4_LeNet-L/seed_101.h5...
Starting training on mnist_full (Input: 784, Classes: 10)...
Starting training on mnist_full...
Saving epoch 0 to HDF5...
Saving epoch 1 to HDF5...
Saving epoch 2 to HDF5...
Saving epoch 3 to HDF5...
Saving epoch 4 to HDF5...
Saving epoch 6 to HDF5...
Saving epoch 8 to HDF5...
Saving epoch 10 to HDF5...
Saving epoch 20 to HDF5...
Saving epoch 30 to HDF5...
Saving epoch 40 to HDF5...
Saving epoch 50 to HDF5...
Saving epoch 60 to HDF5...
Saving epoch 70 to HDF5...
Saving epoch 80 to HDF5...
Saving epoch 90 to HDF5...
Saving epoch 100 to HDF5...
Experiment complete.
  ok
[57/60] /home/johan/Documents/phd/WP1/geometric_binning_estimator/configs/mnist_full_lenet/n0.4_LeNet-L/seed_102.yaml -> outputs/mnist_full_lenet/n0.4_LeNet-L/seed_102.h5
✅ Global seed set to: 42
Loading mnist_full...
Fetching mnist_full (torchvision)...
Initializing HDF5 file at outputs/mnist_full_lenet/n0.4_LeNet-L/seed_102.h5...
Starting training on mnist_full (Input: 784, Classes: 10)...
Starting training on mnist_full...
Saving epoch 0 to HDF5...
Saving epoch 1 to HDF5...
Saving epoch 2 to HDF5...
Saving epoch 3 to HDF5...
Saving epoch 4 to HDF5...
Saving epoch 6 to HDF5...
Saving epoch 8 to HDF5...
Saving epoch 10 to HDF5...
Saving epoch 20 to HDF5...
Saving epoch 30 to HDF5...
Saving epoch 40 to HDF5...
Saving epoch 50 to HDF5...
Saving epoch 60 to HDF5...
Saving epoch 70 to HDF5...
Saving epoch 80 to HDF5...
Saving epoch 90 to HDF5...
Saving epoch 100 to HDF5...
Experiment complete.
  ok
[58/60] /home/johan/Documents/phd/WP1/geometric_binning_estimator/configs/mnist_full_lenet/n0.4_LeNet-L/seed_103.yaml -> outputs/mnist_full_lenet/n0.4_LeNet-L/seed_103.h5
✅ Global seed set to: 42
Loading mnist_full...
Fetching mnist_full (torchvision)...
Initializing HDF5 file at outputs/mnist_full_lenet/n0.4_LeNet-L/seed_103.h5...
Starting training on mnist_full (Input: 784, Classes: 10)...
Starting training on mnist_full...
Saving epoch 0 to HDF5...
Saving epoch 1 to HDF5...
Saving epoch 2 to HDF5...
Saving epoch 3 to HDF5...
Saving epoch 4 to HDF5...
Saving epoch 6 to HDF5...
Saving epoch 8 to HDF5...
Saving epoch 10 to HDF5...
Saving epoch 20 to HDF5...
Saving epoch 30 to HDF5...
Saving epoch 40 to HDF5...
Saving epoch 50 to HDF5...
Saving epoch 60 to HDF5...
Saving epoch 70 to HDF5...
Saving epoch 80 to HDF5...
Saving epoch 90 to HDF5...
Saving epoch 100 to HDF5...
Experiment complete.
  ok
[59/60] /home/johan/Documents/phd/WP1/geometric_binning_estimator/configs/mnist_full_lenet/n0.4_LeNet-L/seed_104.yaml -> outputs/mnist_full_lenet/n0.4_LeNet-L/seed_104.h5
✅ Global seed set to: 42
Loading mnist_full...
Fetching mnist_full (torchvision)...
Initializing HDF5 file at outputs/mnist_full_lenet/n0.4_LeNet-L/seed_104.h5...
Starting training on mnist_full (Input: 784, Classes: 10)...
Starting training on mnist_full...
Saving epoch 0 to HDF5...
Saving epoch 1 to HDF5...
Saving epoch 2 to HDF5...
Saving epoch 3 to HDF5...
Saving epoch 4 to HDF5...
Saving epoch 6 to HDF5...
Saving epoch 8 to HDF5...
Saving epoch 10 to HDF5...
Saving epoch 20 to HDF5...
Saving epoch 30 to HDF5...
Saving epoch 40 to HDF5...
Saving epoch 50 to HDF5...
Saving epoch 60 to HDF5...
Saving epoch 70 to HDF5...
Saving epoch 80 to HDF5...
Saving epoch 90 to HDF5...
Saving epoch 100 to HDF5...
Experiment complete.
  ok
[60/60] /home/johan/Documents/phd/WP1/geometric_binning_estimator/configs/mnist_full_lenet/n0.4_LeNet-L/seed_105.yaml -> outputs/mnist_full_lenet/n0.4_LeNet-L/seed_105.h5
✅ Global seed set to: 42
Loading mnist_full...
Fetching mnist_full (torchvision)...
Initializing HDF5 file at outputs/mnist_full_lenet/n0.4_LeNet-L/seed_105.h5...
Starting training on mnist_full (Input: 784, Classes: 10)...
Starting training on mnist_full...
Saving epoch 0 to HDF5...
Saving epoch 1 to HDF5...
Saving epoch 2 to HDF5...
Saving epoch 3 to HDF5...
Saving epoch 4 to HDF5...
Saving epoch 6 to HDF5...
Saving epoch 8 to HDF5...
Saving epoch 10 to HDF5...
Saving epoch 20 to HDF5...
Saving epoch 30 to HDF5...
Saving epoch 40 to HDF5...
Saving epoch 50 to HDF5...
Saving epoch 60 to HDF5...
Saving epoch 70 to HDF5...
Saving epoch 80 to HDF5...
Saving epoch 90 to HDF5...
Saving epoch 100 to HDF5...
Experiment complete.
  ok
[mnist_full_lenet sweep] done at 2026-04-28 21:58:16
